<?xml version="1.0" encoding="UTF-8"?>
<testsuite name="com.tourGuide.users.services.TripPricerServiceTest" tests="5" skipped="0" failures="0" errors="0" timestamp="2020-12-30T19:56:15" hostname="PC-LUDO-2020" time="0.159">
  <properties/>
  <testcase name="Get Instant User Rewards - OK - 0 rewards" classname="com.tourGuide.users.services.TripPricerServiceTest" time="0.125"/>
  <testcase name="Get TripDeals - Ok" classname="com.tourGuide.users.services.TripPricerServiceTest" time="0.009"/>
  <testcase name="Get All UserRewards Points - Ok - 2 Rewards" classname="com.tourGuide.users.services.TripPricerServiceTest" time="0.008"/>
  <testcase name="Get All UserRewards Points - Ok - 0 Rewards" classname="com.tourGuide.users.services.TripPricerServiceTest" time="0.006"/>
  <testcase name="Get Instant User Rewards - OK - 1 rewards" classname="com.tourGuide.users.services.TripPricerServiceTest" time="0.007"/>
  <system-out><![CDATA[2020-12-30 20:56:13.738  INFO 30940 --- [    Test worker] .b.t.c.SpringBootTestContextBootstrapper : Neither @ContextConfiguration nor @ContextHierarchy found for test class [com.tourGuide.users.services.TripPricerServiceTest], using SpringBootContextLoader
2020-12-30 20:56:13.739  INFO 30940 --- [    Test worker] o.s.t.c.support.AbstractContextLoader    : Could not detect default resource locations for test class [com.tourGuide.users.services.TripPricerServiceTest]: no resource found for suffixes {-context.xml, Context.groovy}.
2020-12-30 20:56:13.739  INFO 30940 --- [    Test worker] t.c.s.AnnotationConfigContextLoaderUtils : Could not detect default configuration classes for test class [com.tourGuide.users.services.TripPricerServiceTest]: TripPricerServiceTest does not declare any static, non-private, non-final, nested classes annotated with @Configuration.
2020-12-30 20:56:13.746  INFO 30940 --- [    Test worker] .b.t.c.SpringBootTestContextBootstrapper : Found @SpringBootConfiguration com.tourGuide.users.TourGuideUsersApplication for test class com.tourGuide.users.services.TripPricerServiceTest
2020-12-30 20:56:13.747  INFO 30940 --- [    Test worker] .b.t.c.SpringBootTestContextBootstrapper : Loaded default TestExecutionListener class names from location [META-INF/spring.factories]: [org.springframework.boot.test.autoconfigure.restdocs.RestDocsTestExecutionListener, org.springframework.boot.test.autoconfigure.web.client.MockRestServiceServerResetTestExecutionListener, org.springframework.boot.test.autoconfigure.web.servlet.MockMvcPrintOnlyOnFailureTestExecutionListener, org.springframework.boot.test.autoconfigure.web.servlet.WebDriverTestExecutionListener, org.springframework.boot.test.autoconfigure.webservices.client.MockWebServiceServerTestExecutionListener, org.springframework.boot.test.mock.mockito.MockitoTestExecutionListener, org.springframework.boot.test.mock.mockito.ResetMocksTestExecutionListener, org.springframework.test.context.web.ServletTestExecutionListener, org.springframework.test.context.support.DirtiesContextBeforeModesTestExecutionListener, org.springframework.test.context.support.DependencyInjectionTestExecutionListener, org.springframework.test.context.support.DirtiesContextTestExecutionListener, org.springframework.test.context.transaction.TransactionalTestExecutionListener, org.springframework.test.context.jdbc.SqlScriptsTestExecutionListener, org.springframework.test.context.event.EventPublishingTestExecutionListener]
2020-12-30 20:56:13.749  INFO 30940 --- [    Test worker] .b.t.c.SpringBootTestContextBootstrapper : Using TestExecutionListeners: [org.springframework.test.context.web.ServletTestExecutionListener@1cfccb70, org.springframework.test.context.support.DirtiesContextBeforeModesTestExecutionListener@704a6428, org.springframework.boot.test.mock.mockito.MockitoTestExecutionListener@75e687d0, org.springframework.boot.test.autoconfigure.SpringBootDependencyInjectionTestExecutionListener@69c439d4, org.springframework.test.context.support.DirtiesContextTestExecutionListener@1319c8d7, org.springframework.test.context.event.EventPublishingTestExecutionListener@305195b8, org.springframework.boot.test.autoconfigure.restdocs.RestDocsTestExecutionListener@71c85c65, org.springframework.boot.test.autoconfigure.web.client.MockRestServiceServerResetTestExecutionListener@390ad111, org.springframework.boot.test.autoconfigure.web.servlet.MockMvcPrintOnlyOnFailureTestExecutionListener@6408f997, org.springframework.boot.test.autoconfigure.web.servlet.WebDriverTestExecutionListener@58c85cfb, org.springframework.boot.test.autoconfigure.webservices.client.MockWebServiceServerTestExecutionListener@6b5008f3, org.springframework.boot.test.mock.mockito.ResetMocksTestExecutionListener@4bdced1]

  .   ____          _            __ _ _
 /\\ / ___'_ __ _ _(_)_ __  __ _ \ \ \ \
( ( )\___ | '_ | '_| | '_ \/ _` | \ \ \ \
 \\/  ___)| |_)| | | | | || (_| |  ) ) ) )
  '  |____| .__|_| |_|_| |_\__, | / / / /
 =========|_|==============|___/=/_/_/_/
 :: Spring Boot ::       (v2.4.0-SNAPSHOT)

2020-12-30 20:56:13.803  INFO 30940 --- [    Test worker] c.t.u.services.TripPricerServiceTest     : Starting TripPricerServiceTest using Java 14.0.2 on PC-LUDO-2020 with PID 30940 (started by Ludo in C:\Users\Ludo\Documents\Eclipse\workspace\TourGuide\TourGuide-Users)
2020-12-30 20:56:13.803 DEBUG 30940 --- [    Test worker] c.t.u.services.TripPricerServiceTest     : Running with Spring Boot v2.4.0-SNAPSHOT, Spring v5.3.1
2020-12-30 20:56:13.803  INFO 30940 --- [    Test worker] c.t.u.services.TripPricerServiceTest     : The following profiles are active: dev
2020-12-30 20:56:14.183  INFO 30940 --- [    Test worker] o.s.cloud.context.scope.GenericScope     : BeanFactory id=47813ee7-02aa-3f29-8a7b-61adf57b8c81
2020-12-30 20:56:14.275  INFO 30940 --- [    Test worker] trationDelegate$BeanPostProcessorChecker : Bean 'com.tourGuide.users.proxies.MicroserviceGpsProxy' of type [org.springframework.cloud.openfeign.FeignClientFactoryBean] is not eligible for getting processed by all BeanPostProcessors (for example: not eligible for auto-proxying)
2020-12-30 20:56:14.595  INFO 30940 --- [    Test worker] o.s.b.a.e.web.EndpointLinksResolver      : Exposing 2 endpoint(s) beneath base path '/actuator'
2020-12-30 20:56:14.819  INFO 30940 --- [    Test worker] o.s.s.concurrent.ThreadPoolTaskExecutor  : Initializing ExecutorService 'applicationTaskExecutor'
2020-12-30 20:56:15.191  INFO 30940 --- [    Test worker] c.t.u.services.TripPricerServiceTest     : Started TripPricerServiceTest in 1.439 seconds (JVM running for 43.166)
]]></system-out>
  <system-err><![CDATA[]]></system-err>
</testsuite>
