<?xml version="1.0" encoding="UTF-8"?>
<testsuite name="com.tourGuide.users.services.UserServiceTest" tests="25" skipped="0" failures="0" errors="0" timestamp="2020-12-30T19:56:17" hostname="PC-LUDO-2020" time="0.302">
  <properties/>
  <testcase name="Update UserPreferences - ERROR - Invalid username" classname="com.tourGuide.users.services.UserServiceTest" time="0.01"/>
  <testcase name="getUserByUuid - Error - Invalid UUID" classname="com.tourGuide.users.services.UserServiceTest" time="0.011"/>
  <testcase name="Get The Five Closest Attractions - Ok - User in Eiffel Tower location" classname="com.tourGuide.users.services.UserServiceTest" time="0.008"/>
  <testcase name="Get User - Ok - Valid username" classname="com.tourGuide.users.services.UserServiceTest" time="0.009"/>
  <testcase name="Update UserPreferences - Ok - Valid username" classname="com.tourGuide.users.services.UserServiceTest" time="0.006"/>
  <testcase name="Add User - Ok - Different username" classname="com.tourGuide.users.services.UserServiceTest" time="0.006"/>
  <testcase name="Get The Five Closest Attractions - Error - Invalid username entry" classname="com.tourGuide.users.services.UserServiceTest" time="0.005"/>
  <testcase name="Get User Dto - Error - Invalid username" classname="com.tourGuide.users.services.UserServiceTest" time="0.009"/>
  <testcase name="Track User Location - OK" classname="com.tourGuide.users.services.UserServiceTest" time="0.112"/>
  <testcase name="Get Last VisitedLocation - Ok" classname="com.tourGuide.users.services.UserServiceTest" time="0.019"/>
  <testcase name="Get All Users - Ok - 0 users" classname="com.tourGuide.users.services.UserServiceTest" time="0.004"/>
  <testcase name="Get User Dto- Ok - Valid username" classname="com.tourGuide.users.services.UserServiceTest" time="0.008"/>
  <testcase name="Get UserRewardsDto - Ok - Valid UUID" classname="com.tourGuide.users.services.UserServiceTest" time="0.005"/>
  <testcase name="Add User - Already existing username" classname="com.tourGuide.users.services.UserServiceTest" time="0.006"/>
  <testcase name="Get The Five Closest Attractions - Error - Empty list attractions" classname="com.tourGuide.users.services.UserServiceTest" time="0.005"/>
  <testcase name="All Users Locations - Ok" classname="com.tourGuide.users.services.UserServiceTest" time="0.012"/>
  <testcase name="User Location - Ok" classname="com.tourGuide.users.services.UserServiceTest" time="0.004"/>
  <testcase name="getAllUsers" classname="com.tourGuide.users.services.UserServiceTest" time="0.005"/>
  <testcase name="Get User By Uuid - Ok - Valid UUID" classname="com.tourGuide.users.services.UserServiceTest" time="0.007"/>
  <testcase name="User Location - Error - No last visited location" classname="com.tourGuide.users.services.UserServiceTest" time="0.005"/>
  <testcase name="Add User - Empty username" classname="com.tourGuide.users.services.UserServiceTest" time="0.004"/>
  <testcase name="Get UserRewardsDto - Error - Invalid UUID" classname="com.tourGuide.users.services.UserServiceTest" time="0.005"/>
  <testcase name="Get All Users - Ok - 2 users" classname="com.tourGuide.users.services.UserServiceTest" time="0.004"/>
  <testcase name="Get User - Error - Invalid username" classname="com.tourGuide.users.services.UserServiceTest" time="0.004"/>
  <testcase name="Get All Users With VisitedLocations - Ok - 4 users, 2 users with VisitedLocation" classname="com.tourGuide.users.services.UserServiceTest" time="0.004"/>
  <system-out><![CDATA[2020-12-30 20:56:15.357  INFO 30940 --- [    Test worker] .b.t.c.SpringBootTestContextBootstrapper : Neither @ContextConfiguration nor @ContextHierarchy found for test class [com.tourGuide.users.services.UserServiceTest], using SpringBootContextLoader
2020-12-30 20:56:15.358  INFO 30940 --- [    Test worker] o.s.t.c.support.AbstractContextLoader    : Could not detect default resource locations for test class [com.tourGuide.users.services.UserServiceTest]: no resource found for suffixes {-context.xml, Context.groovy}.
2020-12-30 20:56:15.358  INFO 30940 --- [    Test worker] t.c.s.AnnotationConfigContextLoaderUtils : Could not detect default configuration classes for test class [com.tourGuide.users.services.UserServiceTest]: UserServiceTest does not declare any static, non-private, non-final, nested classes annotated with @Configuration.
2020-12-30 20:56:15.360  INFO 30940 --- [    Test worker] .b.t.c.SpringBootTestContextBootstrapper : Found @SpringBootConfiguration com.tourGuide.users.TourGuideUsersApplication for test class com.tourGuide.users.services.UserServiceTest
2020-12-30 20:56:15.363  INFO 30940 --- [    Test worker] .b.t.c.SpringBootTestContextBootstrapper : Loaded default TestExecutionListener class names from location [META-INF/spring.factories]: [org.springframework.boot.test.autoconfigure.restdocs.RestDocsTestExecutionListener, org.springframework.boot.test.autoconfigure.web.client.MockRestServiceServerResetTestExecutionListener, org.springframework.boot.test.autoconfigure.web.servlet.MockMvcPrintOnlyOnFailureTestExecutionListener, org.springframework.boot.test.autoconfigure.web.servlet.WebDriverTestExecutionListener, org.springframework.boot.test.autoconfigure.webservices.client.MockWebServiceServerTestExecutionListener, org.springframework.boot.test.mock.mockito.MockitoTestExecutionListener, org.springframework.boot.test.mock.mockito.ResetMocksTestExecutionListener, org.springframework.test.context.web.ServletTestExecutionListener, org.springframework.test.context.support.DirtiesContextBeforeModesTestExecutionListener, org.springframework.test.context.support.DependencyInjectionTestExecutionListener, org.springframework.test.context.support.DirtiesContextTestExecutionListener, org.springframework.test.context.transaction.TransactionalTestExecutionListener, org.springframework.test.context.jdbc.SqlScriptsTestExecutionListener, org.springframework.test.context.event.EventPublishingTestExecutionListener]
2020-12-30 20:56:15.365  INFO 30940 --- [    Test worker] .b.t.c.SpringBootTestContextBootstrapper : Using TestExecutionListeners: [org.springframework.test.context.web.ServletTestExecutionListener@555587f8, org.springframework.test.context.support.DirtiesContextBeforeModesTestExecutionListener@265b6ab, org.springframework.boot.test.mock.mockito.MockitoTestExecutionListener@5244b554, org.springframework.boot.test.autoconfigure.SpringBootDependencyInjectionTestExecutionListener@6163ad88, org.springframework.test.context.support.DirtiesContextTestExecutionListener@18f09c1b, org.springframework.test.context.event.EventPublishingTestExecutionListener@370fa140, org.springframework.boot.test.autoconfigure.restdocs.RestDocsTestExecutionListener@40165ce0, org.springframework.boot.test.autoconfigure.web.client.MockRestServiceServerResetTestExecutionListener@3ce5a687, org.springframework.boot.test.autoconfigure.web.servlet.MockMvcPrintOnlyOnFailureTestExecutionListener@2069f544, org.springframework.boot.test.autoconfigure.web.servlet.WebDriverTestExecutionListener@6a2645a8, org.springframework.boot.test.autoconfigure.webservices.client.MockWebServiceServerTestExecutionListener@18a5f550, org.springframework.boot.test.mock.mockito.ResetMocksTestExecutionListener@965a95d]

  .   ____          _            __ _ _
 /\\ / ___'_ __ _ _(_)_ __  __ _ \ \ \ \
( ( )\___ | '_ | '_| | '_ \/ _` | \ \ \ \
 \\/  ___)| |_)| | | | | || (_| |  ) ) ) )
  '  |____| .__|_| |_|_| |_\__, | / / / /
 =========|_|==============|___/=/_/_/_/
 :: Spring Boot ::       (v2.4.0-SNAPSHOT)

2020-12-30 20:56:15.427  INFO 30940 --- [    Test worker] c.t.users.services.UserServiceTest       : Starting UserServiceTest using Java 14.0.2 on PC-LUDO-2020 with PID 30940 (started by Ludo in C:\Users\Ludo\Documents\Eclipse\workspace\TourGuide\TourGuide-Users)
2020-12-30 20:56:15.427 DEBUG 30940 --- [    Test worker] c.t.users.services.UserServiceTest       : Running with Spring Boot v2.4.0-SNAPSHOT, Spring v5.3.1
2020-12-30 20:56:15.427  INFO 30940 --- [    Test worker] c.t.users.services.UserServiceTest       : The following profiles are active: dev
2020-12-30 20:56:16.005  INFO 30940 --- [    Test worker] o.s.cloud.context.scope.GenericScope     : BeanFactory id=47813ee7-02aa-3f29-8a7b-61adf57b8c81
2020-12-30 20:56:16.068 DEBUG 30940 --- [    Test worker] c.tourGuide.users.services.UserService   : Test mode ON.
2020-12-30 20:56:16.068  INFO 30940 --- [    Test worker] c.t.u.repository.InternalUserRepository  : TestMode enabled
2020-12-30 20:56:16.068 DEBUG 30940 --- [    Test worker] c.t.u.repository.InternalUserRepository  : Initializing users
2020-12-30 20:56:16.070 DEBUG 30940 --- [    Test worker] c.t.u.repository.InternalUserRepository  : Created 100 internal test users.
2020-12-30 20:56:16.070 DEBUG 30940 --- [    Test worker] c.t.u.repository.InternalUserRepository  : Finished initializing users
2020-12-30 20:56:16.071 DEBUG 30940 --- [ool-50-thread-1] com.tourGuide.users.tracker.Tracker      : Begin Tracker. Tracking 100 users.
2020-12-30 20:56:16.378 DEBUG 30940 --- [ool-50-thread-1] com.tourGuide.users.tracker.Tracker      : TRACKING END for 100 users - Tracker Time Elapsed: 0 seconds.
2020-12-30 20:56:16.378 DEBUG 30940 --- [ool-50-thread-1] com.tourGuide.users.tracker.Tracker      : Tracker sleeping
2020-12-30 20:56:16.499  INFO 30940 --- [    Test worker] o.s.b.a.e.web.EndpointLinksResolver      : Exposing 2 endpoint(s) beneath base path '/actuator'
2020-12-30 20:56:16.810  INFO 30940 --- [    Test worker] o.s.s.concurrent.ThreadPoolTaskExecutor  : Initializing ExecutorService 'applicationTaskExecutor'
2020-12-30 20:56:17.329  INFO 30940 --- [    Test worker] c.t.users.services.UserServiceTest       : Started UserServiceTest in 1.96 seconds (JVM running for 45.304)
]]></system-out>
  <system-err><![CDATA[]]></system-err>
</testsuite>
