<?xml version="1.0" encoding="UTF-8"?>
<testsuite name="com.tourGuide.users.TrackerTest" tests="1" skipped="0" failures="0" errors="0" timestamp="2020-12-30T19:56:21" hostname="PC-LUDO-2020" time="0.22">
  <properties/>
  <testcase name="Tracker - OK - VisitedLocation +1" classname="com.tourGuide.users.TrackerTest" time="0.22"/>
  <system-out><![CDATA[2020-12-30 20:56:19.859  INFO 30940 --- [    Test worker] .b.t.c.SpringBootTestContextBootstrapper : Neither @ContextConfiguration nor @ContextHierarchy found for test class [com.tourGuide.users.TrackerTest], using SpringBootContextLoader
2020-12-30 20:56:19.861  INFO 30940 --- [    Test worker] o.s.t.c.support.AbstractContextLoader    : Could not detect default resource locations for test class [com.tourGuide.users.TrackerTest]: no resource found for suffixes {-context.xml, Context.groovy}.
2020-12-30 20:56:19.861  INFO 30940 --- [    Test worker] t.c.s.AnnotationConfigContextLoaderUtils : Could not detect default configuration classes for test class [com.tourGuide.users.TrackerTest]: TrackerTest does not declare any static, non-private, non-final, nested classes annotated with @Configuration.
2020-12-30 20:56:19.863  INFO 30940 --- [    Test worker] .b.t.c.SpringBootTestContextBootstrapper : Found @SpringBootConfiguration com.tourGuide.users.TourGuideUsersApplication for test class com.tourGuide.users.TrackerTest
2020-12-30 20:56:19.867  INFO 30940 --- [    Test worker] .b.t.c.SpringBootTestContextBootstrapper : Loaded default TestExecutionListener class names from location [META-INF/spring.factories]: [org.springframework.boot.test.autoconfigure.restdocs.RestDocsTestExecutionListener, org.springframework.boot.test.autoconfigure.web.client.MockRestServiceServerResetTestExecutionListener, org.springframework.boot.test.autoconfigure.web.servlet.MockMvcPrintOnlyOnFailureTestExecutionListener, org.springframework.boot.test.autoconfigure.web.servlet.WebDriverTestExecutionListener, org.springframework.boot.test.autoconfigure.webservices.client.MockWebServiceServerTestExecutionListener, org.springframework.boot.test.mock.mockito.MockitoTestExecutionListener, org.springframework.boot.test.mock.mockito.ResetMocksTestExecutionListener, org.springframework.test.context.web.ServletTestExecutionListener, org.springframework.test.context.support.DirtiesContextBeforeModesTestExecutionListener, org.springframework.test.context.support.DependencyInjectionTestExecutionListener, org.springframework.test.context.support.DirtiesContextTestExecutionListener, org.springframework.test.context.transaction.TransactionalTestExecutionListener, org.springframework.test.context.jdbc.SqlScriptsTestExecutionListener, org.springframework.test.context.event.EventPublishingTestExecutionListener]
2020-12-30 20:56:19.869  INFO 30940 --- [    Test worker] .b.t.c.SpringBootTestContextBootstrapper : Using TestExecutionListeners: [org.springframework.test.context.web.ServletTestExecutionListener@62ad5a7c, org.springframework.test.context.support.DirtiesContextBeforeModesTestExecutionListener@474efb61, org.springframework.boot.test.mock.mockito.MockitoTestExecutionListener@3d88facb, org.springframework.boot.test.autoconfigure.SpringBootDependencyInjectionTestExecutionListener@35663fab, org.springframework.test.context.support.DirtiesContextTestExecutionListener@3d90edc1, org.springframework.test.context.event.EventPublishingTestExecutionListener@d358ce1, org.springframework.boot.test.autoconfigure.restdocs.RestDocsTestExecutionListener@7791712e, org.springframework.boot.test.autoconfigure.web.client.MockRestServiceServerResetTestExecutionListener@738e9310, org.springframework.boot.test.autoconfigure.web.servlet.MockMvcPrintOnlyOnFailureTestExecutionListener@49ca8645, org.springframework.boot.test.autoconfigure.web.servlet.WebDriverTestExecutionListener@68394919, org.springframework.boot.test.autoconfigure.webservices.client.MockWebServiceServerTestExecutionListener@145d5d31, org.springframework.boot.test.mock.mockito.ResetMocksTestExecutionListener@134c5ab9]

  .   ____          _            __ _ _
 /\\ / ___'_ __ _ _(_)_ __  __ _ \ \ \ \
( ( )\___ | '_ | '_| | '_ \/ _` | \ \ \ \
 \\/  ___)| |_)| | | | | || (_| |  ) ) ) )
  '  |____| .__|_| |_|_| |_\__, | / / / /
 =========|_|==============|___/=/_/_/_/
 :: Spring Boot ::       (v2.4.0-SNAPSHOT)

2020-12-30 20:56:19.960  INFO 30940 --- [    Test worker] com.tourGuide.users.TrackerTest          : Starting TrackerTest using Java 14.0.2 on PC-LUDO-2020 with PID 30940 (started by Ludo in C:\Users\Ludo\Documents\Eclipse\workspace\TourGuide\TourGuide-Users)
2020-12-30 20:56:19.960 DEBUG 30940 --- [    Test worker] com.tourGuide.users.TrackerTest          : Running with Spring Boot v2.4.0-SNAPSHOT, Spring v5.3.1
2020-12-30 20:56:19.961  INFO 30940 --- [    Test worker] com.tourGuide.users.TrackerTest          : The following profiles are active: dev
2020-12-30 20:56:20.493  INFO 30940 --- [    Test worker] o.s.cloud.context.scope.GenericScope     : BeanFactory id=47813ee7-02aa-3f29-8a7b-61adf57b8c81
2020-12-30 20:56:20.557 DEBUG 30940 --- [    Test worker] c.tourGuide.users.services.UserService   : Test mode ON.
2020-12-30 20:56:20.557  INFO 30940 --- [    Test worker] c.t.u.repository.InternalUserRepository  : TestMode enabled
2020-12-30 20:56:20.557 DEBUG 30940 --- [    Test worker] c.t.u.repository.InternalUserRepository  : Initializing users
2020-12-30 20:56:20.558 DEBUG 30940 --- [    Test worker] c.t.u.repository.InternalUserRepository  : Created 100 internal test users.
2020-12-30 20:56:20.558 DEBUG 30940 --- [    Test worker] c.t.u.repository.InternalUserRepository  : Finished initializing users
2020-12-30 20:56:20.559 DEBUG 30940 --- [ool-55-thread-1] com.tourGuide.users.tracker.Tracker      : Begin Tracker. Tracking 100 users.
2020-12-30 20:56:20.872 DEBUG 30940 --- [ool-55-thread-1] com.tourGuide.users.tracker.Tracker      : TRACKING END for 100 users - Tracker Time Elapsed: 0 seconds.
2020-12-30 20:56:20.872 DEBUG 30940 --- [ool-55-thread-1] com.tourGuide.users.tracker.Tracker      : Tracker sleeping
2020-12-30 20:56:21.225  INFO 30940 --- [    Test worker] o.s.b.a.e.web.EndpointLinksResolver      : Exposing 2 endpoint(s) beneath base path '/actuator'
2020-12-30 20:56:21.589  INFO 30940 --- [    Test worker] o.s.s.concurrent.ThreadPoolTaskExecutor  : Initializing ExecutorService 'applicationTaskExecutor'
2020-12-30 20:56:21.930  INFO 30940 --- [    Test worker] com.tourGuide.users.TrackerTest          : Started TrackerTest in 2.055 seconds (JVM running for 49.905)
]]></system-out>
  <system-err><![CDATA[]]></system-err>
</testsuite>
