<?xml version="1.0" encoding="UTF-8"?>
<testsuite name="com.tourGuide.users.TourGuideUsersApplicationTests" tests="1" skipped="0" failures="0" errors="0" timestamp="2020-12-30T19:56:19" hostname="PC-LUDO-2020" time="0.008">
  <properties/>
  <testcase name="contextLoads()" classname="com.tourGuide.users.TourGuideUsersApplicationTests" time="0.008"/>
  <system-out><![CDATA[2020-12-30 20:56:17.636  INFO 30940 --- [    Test worker] .b.t.c.SpringBootTestContextBootstrapper : Neither @ContextConfiguration nor @ContextHierarchy found for test class [com.tourGuide.users.TourGuideUsersApplicationTests], using SpringBootContextLoader
2020-12-30 20:56:17.637  INFO 30940 --- [    Test worker] o.s.t.c.support.AbstractContextLoader    : Could not detect default resource locations for test class [com.tourGuide.users.TourGuideUsersApplicationTests]: no resource found for suffixes {-context.xml, Context.groovy}.
2020-12-30 20:56:17.637  INFO 30940 --- [    Test worker] t.c.s.AnnotationConfigContextLoaderUtils : Could not detect default configuration classes for test class [com.tourGuide.users.TourGuideUsersApplicationTests]: TourGuideUsersApplicationTests does not declare any static, non-private, non-final, nested classes annotated with @Configuration.
2020-12-30 20:56:17.638  INFO 30940 --- [    Test worker] .b.t.c.SpringBootTestContextBootstrapper : Found @SpringBootConfiguration com.tourGuide.users.TourGuideUsersApplication for test class com.tourGuide.users.TourGuideUsersApplicationTests
2020-12-30 20:56:17.640  INFO 30940 --- [    Test worker] .b.t.c.SpringBootTestContextBootstrapper : Loaded default TestExecutionListener class names from location [META-INF/spring.factories]: [org.springframework.boot.test.autoconfigure.restdocs.RestDocsTestExecutionListener, org.springframework.boot.test.autoconfigure.web.client.MockRestServiceServerResetTestExecutionListener, org.springframework.boot.test.autoconfigure.web.servlet.MockMvcPrintOnlyOnFailureTestExecutionListener, org.springframework.boot.test.autoconfigure.web.servlet.WebDriverTestExecutionListener, org.springframework.boot.test.autoconfigure.webservices.client.MockWebServiceServerTestExecutionListener, org.springframework.boot.test.mock.mockito.MockitoTestExecutionListener, org.springframework.boot.test.mock.mockito.ResetMocksTestExecutionListener, org.springframework.test.context.web.ServletTestExecutionListener, org.springframework.test.context.support.DirtiesContextBeforeModesTestExecutionListener, org.springframework.test.context.support.DependencyInjectionTestExecutionListener, org.springframework.test.context.support.DirtiesContextTestExecutionListener, org.springframework.test.context.transaction.TransactionalTestExecutionListener, org.springframework.test.context.jdbc.SqlScriptsTestExecutionListener, org.springframework.test.context.event.EventPublishingTestExecutionListener]
2020-12-30 20:56:17.641  INFO 30940 --- [    Test worker] .b.t.c.SpringBootTestContextBootstrapper : Using TestExecutionListeners: [org.springframework.test.context.web.ServletTestExecutionListener@3aff1e61, org.springframework.test.context.support.DirtiesContextBeforeModesTestExecutionListener@22c0244, org.springframework.boot.test.mock.mockito.MockitoTestExecutionListener@420ed565, org.springframework.boot.test.autoconfigure.SpringBootDependencyInjectionTestExecutionListener@6ff29704, org.springframework.test.context.support.DirtiesContextTestExecutionListener@2d3c808d, org.springframework.test.context.event.EventPublishingTestExecutionListener@4f60894c, org.springframework.boot.test.autoconfigure.restdocs.RestDocsTestExecutionListener@7bf1c838, org.springframework.boot.test.autoconfigure.web.client.MockRestServiceServerResetTestExecutionListener@402af5, org.springframework.boot.test.autoconfigure.web.servlet.MockMvcPrintOnlyOnFailureTestExecutionListener@4931fa98, org.springframework.boot.test.autoconfigure.web.servlet.WebDriverTestExecutionListener@2d0301b, org.springframework.boot.test.autoconfigure.webservices.client.MockWebServiceServerTestExecutionListener@77159871, org.springframework.boot.test.mock.mockito.ResetMocksTestExecutionListener@760313e4]

  .   ____          _            __ _ _
 /\\ / ___'_ __ _ _(_)_ __  __ _ \ \ \ \
( ( )\___ | '_ | '_| | '_ \/ _` | \ \ \ \
 \\/  ___)| |_)| | | | | || (_| |  ) ) ) )
  '  |____| .__|_| |_|_| |_\__, | / / / /
 =========|_|==============|___/=/_/_/_/
 :: Spring Boot ::       (v2.4.0-SNAPSHOT)

2020-12-30 20:56:17.703  INFO 30940 --- [    Test worker] c.t.u.TourGuideUsersApplicationTests     : Starting TourGuideUsersApplicationTests using Java 14.0.2 on PC-LUDO-2020 with PID 30940 (started by Ludo in C:\Users\Ludo\Documents\Eclipse\workspace\TourGuide\TourGuide-Users)
2020-12-30 20:56:17.703 DEBUG 30940 --- [    Test worker] c.t.u.TourGuideUsersApplicationTests     : Running with Spring Boot v2.4.0-SNAPSHOT, Spring v5.3.1
2020-12-30 20:56:17.703  INFO 30940 --- [    Test worker] c.t.u.TourGuideUsersApplicationTests     : The following profiles are active: dev
2020-12-30 20:56:18.176  INFO 30940 --- [    Test worker] o.s.cloud.context.scope.GenericScope     : BeanFactory id=47813ee7-02aa-3f29-8a7b-61adf57b8c81
2020-12-30 20:56:18.213  INFO 30940 --- [    Test worker] trationDelegate$BeanPostProcessorChecker : Bean 'com.tourGuide.users.proxies.MicroserviceGpsProxy' of type [org.springframework.cloud.openfeign.FeignClientFactoryBean] is not eligible for getting processed by all BeanPostProcessors (for example: not eligible for auto-proxying)
2020-12-30 20:56:18.214  INFO 30940 --- [    Test worker] trationDelegate$BeanPostProcessorChecker : Bean 'com.tourGuide.users.proxies.MicroserviceRewardsProxy' of type [org.springframework.cloud.openfeign.FeignClientFactoryBean] is not eligible for getting processed by all BeanPostProcessors (for example: not eligible for auto-proxying)
2020-12-30 20:56:18.445 DEBUG 30940 --- [    Test worker] c.tourGuide.users.services.UserService   : Test mode ON.
2020-12-30 20:56:18.445  INFO 30940 --- [    Test worker] c.t.u.repository.InternalUserRepository  : TestMode enabled
2020-12-30 20:56:18.445 DEBUG 30940 --- [    Test worker] c.t.u.repository.InternalUserRepository  : Initializing users
2020-12-30 20:56:18.446 DEBUG 30940 --- [    Test worker] c.t.u.repository.InternalUserRepository  : Created 100 internal test users.
2020-12-30 20:56:18.446 DEBUG 30940 --- [    Test worker] c.t.u.repository.InternalUserRepository  : Finished initializing users
2020-12-30 20:56:18.447 DEBUG 30940 --- [ool-52-thread-1] com.tourGuide.users.tracker.Tracker      : Begin Tracker. Tracking 100 users.
2020-12-30 20:56:18.750 DEBUG 30940 --- [ool-52-thread-1] com.tourGuide.users.tracker.Tracker      : TRACKING END for 100 users - Tracker Time Elapsed: 0 seconds.
2020-12-30 20:56:18.750 DEBUG 30940 --- [ool-52-thread-1] com.tourGuide.users.tracker.Tracker      : Tracker sleeping
2020-12-30 20:56:18.874  INFO 30940 --- [    Test worker] o.s.b.a.e.web.EndpointLinksResolver      : Exposing 2 endpoint(s) beneath base path '/actuator'
2020-12-30 20:56:19.244  INFO 30940 --- [    Test worker] o.s.s.concurrent.ThreadPoolTaskExecutor  : Initializing ExecutorService 'applicationTaskExecutor'
2020-12-30 20:56:19.845  INFO 30940 --- [    Test worker] c.t.u.TourGuideUsersApplicationTests     : Started TourGuideUsersApplicationTests in 2.201 seconds (JVM running for 47.82)
]]></system-out>
  <system-err><![CDATA[]]></system-err>
</testsuite>
